<?xml version="1.0" encoding="UTF-8"?>
<coverage generated="1615470781565" clover="3.2.0">
  <project timestamp="1615470781565" name="All files">
    <metrics statements="94" coveredstatements="94" conditionals="20" coveredconditionals="19" methods="12" coveredmethods="12" elements="126" coveredelements="125" complexity="0" loc="94" ncloc="94" packages="2" files="2" classes="2"/>
    <package name="adminrest">
      <metrics statements="84" coveredstatements="84" conditionals="20" coveredconditionals="19" methods="11" coveredmethods="11"/>
      <file name="v1.ts" path="/Users/derekhowlett/vnext-git/src/github.com/IBM/eventstreams-node-sdk/adminrest/v1.ts">
        <metrics statements="84" coveredstatements="84" conditionals="20" coveredconditionals="19" methods="11" coveredmethods="11"/>
        <line num="22" count="1" type="stmt"/>
        <line num="24" count="1" type="stmt"/>
        <line num="25" count="1" type="stmt"/>
        <line num="31" count="1" type="stmt"/>
        <line num="33" count="1" type="stmt"/>
        <line num="34" count="1" type="stmt"/>
        <line num="50" count="1" type="stmt"/>
        <line num="51" count="2" type="cond" truecount="2" falsecount="0"/>
        <line num="53" count="2" type="cond" truecount="2" falsecount="0"/>
        <line num="54" count="1" type="stmt"/>
        <line num="56" count="2" type="cond" truecount="2" falsecount="0"/>
        <line num="57" count="1" type="stmt"/>
        <line num="59" count="2" type="stmt"/>
        <line num="60" count="2" type="stmt"/>
        <line num="61" count="2" type="cond" truecount="2" falsecount="0"/>
        <line num="62" count="1" type="stmt"/>
        <line num="64" count="2" type="stmt"/>
        <line num="78" count="5" type="stmt"/>
        <line num="79" count="5" type="cond" truecount="1" falsecount="1"/>
        <line num="81" count="5" type="cond" truecount="2" falsecount="0"/>
        <line num="82" count="5" type="cond" truecount="2" falsecount="0"/>
        <line num="83" count="2" type="stmt"/>
        <line num="85" count="3" type="stmt"/>
        <line num="107" count="1" type="stmt"/>
        <line num="108" count="3" type="stmt"/>
        <line num="110" count="3" type="stmt"/>
        <line num="117" count="3" type="stmt"/>
        <line num="119" count="3" type="stmt"/>
        <line num="133" count="3" type="stmt"/>
        <line num="153" count="1" type="stmt"/>
        <line num="154" count="3" type="stmt"/>
        <line num="156" count="3" type="stmt"/>
        <line num="162" count="3" type="stmt"/>
        <line num="164" count="3" type="stmt"/>
        <line num="177" count="3" type="stmt"/>
        <line num="190" count="1" type="stmt"/>
        <line num="191" count="4" type="stmt"/>
        <line num="192" count="4" type="stmt"/>
        <line num="194" count="4" type="stmt"/>
        <line num="195" count="4" type="cond" truecount="2" falsecount="0"/>
        <line num="196" count="2" type="stmt"/>
        <line num="199" count="2" type="stmt"/>
        <line num="203" count="2" type="stmt"/>
        <line num="205" count="2" type="stmt"/>
        <line num="218" count="2" type="stmt"/>
        <line num="231" count="1" type="stmt"/>
        <line num="232" count="4" type="stmt"/>
        <line num="233" count="4" type="stmt"/>
        <line num="235" count="4" type="stmt"/>
        <line num="236" count="4" type="cond" truecount="2" falsecount="0"/>
        <line num="237" count="2" type="stmt"/>
        <line num="240" count="2" type="stmt"/>
        <line num="244" count="2" type="stmt"/>
        <line num="246" count="2" type="stmt"/>
        <line num="259" count="2" type="stmt"/>
        <line num="275" count="1" type="stmt"/>
        <line num="276" count="4" type="stmt"/>
        <line num="277" count="4" type="stmt"/>
        <line num="279" count="4" type="stmt"/>
        <line num="280" count="4" type="cond" truecount="2" falsecount="0"/>
        <line num="281" count="2" type="stmt"/>
        <line num="284" count="2" type="stmt"/>
        <line num="289" count="2" type="stmt"/>
        <line num="293" count="2" type="stmt"/>
        <line num="295" count="2" type="stmt"/>
        <line num="310" count="2" type="stmt"/>
        <line num="322" count="1" type="stmt"/>
        <line num="323" count="3" type="stmt"/>
        <line num="325" count="3" type="stmt"/>
        <line num="327" count="3" type="stmt"/>
        <line num="339" count="3" type="stmt"/>
        <line num="352" count="1" type="stmt"/>
        <line num="353" count="3" type="stmt"/>
        <line num="355" count="3" type="stmt"/>
        <line num="359" count="3" type="stmt"/>
        <line num="361" count="3" type="stmt"/>
        <line num="375" count="3" type="stmt"/>
        <line num="387" count="1" type="stmt"/>
        <line num="388" count="3" type="stmt"/>
        <line num="390" count="3" type="stmt"/>
        <line num="392" count="3" type="stmt"/>
        <line num="404" count="3" type="stmt"/>
        <line num="407" count="1" type="stmt"/>
        <line num="592" count="1" type="stmt"/>
      </file>
    </package>
    <package name="lib">
      <metrics statements="10" coveredstatements="10" conditionals="0" coveredconditionals="0" methods="1" coveredmethods="1"/>
      <file name="common.ts" path="/Users/derekhowlett/vnext-git/src/github.com/IBM/eventstreams-node-sdk/lib/common.ts">
        <metrics statements="10" coveredstatements="10" conditionals="0" coveredconditionals="0" methods="1" coveredmethods="1"/>
        <line num="17" count="2" type="stmt"/>
        <line num="20" count="2" type="stmt"/>
        <line num="43" count="2" type="stmt"/>
        <line num="44" count="22" type="stmt"/>
        <line num="45" count="22" type="stmt"/>
        <line num="46" count="22" type="stmt"/>
        <line num="47" count="22" type="stmt"/>
        <line num="48" count="22" type="stmt"/>
        <line num="50" count="22" type="stmt"/>
        <line num="54" count="22" type="stmt"/>
      </file>
    </package>
  </project>
</coverage>
