{"/Users/derekhowlett/vnext-git/src/github.com/IBM/eventstreams-node-sdk/adminrest/v1.ts": {"path":"/Users/derekhowlett/vnext-git/src/github.com/IBM/eventstreams-node-sdk/adminrest/v1.ts","statementMap":{"0":{"start":{"line":22,"column":0},"end":{"line":22,"column":33}},"1":{"start":{"line":24,"column":0},"end":{"line":24,"column":128}},"2":{"start":{"line":25,"column":0},"end":{"line":25,"column":46}},"3":{"start":{"line":31,"column":0},"end":{"line":31,"column":null}},"4":{"start":{"line":31,"column":26},"end":{"line":31,"column":37}},"5":{"start":{"line":78,"column":2},"end":{"line":78,"column":14}},"6":{"start":{"line":79,"column":4},"end":{"line":79,"column":28}},"7":{"start":{"line":81,"column":4},"end":{"line":81,"column":19}},"8":{"start":{"line":82,"column":4},"end":{"line":86,"column":null}},"9":{"start":{"line":83,"column":6},"end":{"line":83,"column":45}},"10":{"start":{"line":85,"column":6},"end":{"line":85,"column":58}},"11":{"start":{"line":50,"column":16},"end":{"line":65,"column":null}},"12":{"start":{"line":51,"column":4},"end":{"line":51,"column":28}},"13":{"start":{"line":53,"column":4},"end":{"line":55,"column":null}},"14":{"start":{"line":54,"column":6},"end":{"line":54,"column":54}},"15":{"start":{"line":56,"column":4},"end":{"line":58,"column":null}},"16":{"start":{"line":57,"column":6},"end":{"line":57,"column":83}},"17":{"start":{"line":59,"column":20},"end":{"line":59,"column":44}},"18":{"start":{"line":60,"column":4},"end":{"line":60,"column":50}},"19":{"start":{"line":61,"column":4},"end":{"line":63,"column":null}},"20":{"start":{"line":62,"column":6},"end":{"line":62,"column":48}},"21":{"start":{"line":64,"column":4},"end":{"line":64,"column":19}},"22":{"start":{"line":107,"column":9},"end":{"line":134,"column":4}},"23":{"start":{"line":108,"column":20},"end":{"line":108,"column":45}},"24":{"start":{"line":110,"column":17},"end":{"line":115,"column":6}},"25":{"start":{"line":117,"column":23},"end":{"line":117,"column":91}},"26":{"start":{"line":119,"column":23},"end":{"line":131,"column":6}},"27":{"start":{"line":133,"column":4},"end":{"line":133,"column":42}},"28":{"start":{"line":153,"column":9},"end":{"line":178,"column":4}},"29":{"start":{"line":154,"column":20},"end":{"line":154,"column":45}},"30":{"start":{"line":156,"column":18},"end":{"line":160,"column":6}},"31":{"start":{"line":162,"column":23},"end":{"line":162,"column":90}},"32":{"start":{"line":164,"column":23},"end":{"line":175,"column":6}},"33":{"start":{"line":177,"column":4},"end":{"line":177,"column":42}},"34":{"start":{"line":190,"column":9},"end":{"line":219,"column":4}},"35":{"start":{"line":191,"column":20},"end":{"line":191,"column":45}},"36":{"start":{"line":192,"column":27},"end":{"line":192,"column":40}},"37":{"start":{"line":194,"column":26},"end":{"line":194,"column":67}},"38":{"start":{"line":195,"column":4},"end":{"line":197,"column":null}},"39":{"start":{"line":196,"column":6},"end":{"line":196,"column":43}},"40":{"start":{"line":199,"column":17},"end":{"line":201,"column":6}},"41":{"start":{"line":203,"column":23},"end":{"line":203,"column":88}},"42":{"start":{"line":205,"column":23},"end":{"line":216,"column":6}},"43":{"start":{"line":218,"column":4},"end":{"line":218,"column":42}},"44":{"start":{"line":231,"column":9},"end":{"line":260,"column":4}},"45":{"start":{"line":232,"column":20},"end":{"line":232,"column":45}},"46":{"start":{"line":233,"column":27},"end":{"line":233,"column":40}},"47":{"start":{"line":235,"column":26},"end":{"line":235,"column":67}},"48":{"start":{"line":236,"column":4},"end":{"line":238,"column":null}},"49":{"start":{"line":237,"column":6},"end":{"line":237,"column":43}},"50":{"start":{"line":240,"column":17},"end":{"line":242,"column":6}},"51":{"start":{"line":244,"column":23},"end":{"line":244,"column":91}},"52":{"start":{"line":246,"column":23},"end":{"line":257,"column":6}},"53":{"start":{"line":259,"column":4},"end":{"line":259,"column":42}},"54":{"start":{"line":275,"column":9},"end":{"line":311,"column":4}},"55":{"start":{"line":276,"column":20},"end":{"line":276,"column":45}},"56":{"start":{"line":277,"column":27},"end":{"line":277,"column":40}},"57":{"start":{"line":279,"column":26},"end":{"line":279,"column":67}},"58":{"start":{"line":280,"column":4},"end":{"line":282,"column":null}},"59":{"start":{"line":281,"column":6},"end":{"line":281,"column":43}},"60":{"start":{"line":284,"column":17},"end":{"line":287,"column":6}},"61":{"start":{"line":289,"column":17},"end":{"line":291,"column":6}},"62":{"start":{"line":293,"column":23},"end":{"line":293,"column":91}},"63":{"start":{"line":295,"column":23},"end":{"line":308,"column":6}},"64":{"start":{"line":310,"column":4},"end":{"line":310,"column":42}},"65":{"start":{"line":322,"column":9},"end":{"line":340,"column":4}},"66":{"start":{"line":323,"column":20},"end":{"line":323,"column":45}},"67":{"start":{"line":325,"column":23},"end":{"line":325,"column":106}},"68":{"start":{"line":327,"column":23},"end":{"line":337,"column":6}},"69":{"start":{"line":339,"column":4},"end":{"line":339,"column":42}},"70":{"start":{"line":352,"column":9},"end":{"line":376,"column":4}},"71":{"start":{"line":353,"column":20},"end":{"line":353,"column":45}},"72":{"start":{"line":355,"column":17},"end":{"line":357,"column":6}},"73":{"start":{"line":359,"column":23},"end":{"line":359,"column":110}},"74":{"start":{"line":361,"column":23},"end":{"line":373,"column":6}},"75":{"start":{"line":375,"column":4},"end":{"line":375,"column":42}},"76":{"start":{"line":387,"column":9},"end":{"line":405,"column":4}},"77":{"start":{"line":388,"column":20},"end":{"line":388,"column":45}},"78":{"start":{"line":390,"column":23},"end":{"line":390,"column":104}},"79":{"start":{"line":392,"column":23},"end":{"line":402,"column":6}},"80":{"start":{"line":404,"column":4},"end":{"line":404,"column":42}},"81":{"start":{"line":33,"column":9},"end":{"line":33,"column":73}},"82":{"start":{"line":34,"column":9},"end":{"line":34,"column":52}},"83":{"start":{"line":407,"column":0},"end":{"line":407,"column":null}},"84":{"start":{"line":592,"column":0},"end":{"line":592,"column":21}}},"fnMap":{"0":{"name":"(anonymous_6)","decl":{"start":{"line":31,"column":0},"end":{"line":31,"column":26}},"loc":{"start":{"line":31,"column":0},"end":{"line":31,"column":26}}},"1":{"name":"AdminrestV1","decl":{"start":{"line":78,"column":2},"end":{"line":78,"column":14}},"loc":{"start":{"line":78,"column":34},"end":{"line":87,"column":3}}},"2":{"name":"(anonymous_8)","decl":{"start":{"line":50,"column":2},"end":{"line":50,"column":16}},"loc":{"start":{"line":50,"column":48},"end":{"line":65,"column":3}}},"3":{"name":"(anonymous_9)","decl":{"start":{"line":107,"column":2},"end":{"line":107,"column":9}},"loc":{"start":{"line":107,"column":59},"end":{"line":134,"column":3}}},"4":{"name":"(anonymous_10)","decl":{"start":{"line":153,"column":2},"end":{"line":153,"column":9}},"loc":{"start":{"line":153,"column":57},"end":{"line":178,"column":3}}},"5":{"name":"(anonymous_11)","decl":{"start":{"line":190,"column":2},"end":{"line":190,"column":9}},"loc":{"start":{"line":190,"column":52},"end":{"line":219,"column":3}}},"6":{"name":"(anonymous_12)","decl":{"start":{"line":231,"column":2},"end":{"line":231,"column":9}},"loc":{"start":{"line":231,"column":58},"end":{"line":260,"column":3}}},"7":{"name":"(anonymous_13)","decl":{"start":{"line":275,"column":2},"end":{"line":275,"column":9}},"loc":{"start":{"line":275,"column":58},"end":{"line":311,"column":3}}},"8":{"name":"(anonymous_14)","decl":{"start":{"line":322,"column":2},"end":{"line":322,"column":9}},"loc":{"start":{"line":322,"column":89},"end":{"line":340,"column":3}}},"9":{"name":"(anonymous_15)","decl":{"start":{"line":352,"column":2},"end":{"line":352,"column":9}},"loc":{"start":{"line":352,"column":97},"end":{"line":376,"column":3}}},"10":{"name":"(anonymous_16)","decl":{"start":{"line":387,"column":2},"end":{"line":387,"column":9}},"loc":{"start":{"line":387,"column":85},"end":{"line":405,"column":3}}}},"branchMap":{"0":{"loc":{"start":{"line":79,"column":14},"end":{"line":79,"column":21}},"type":"binary-expr","locations":[{"start":{"line":79,"column":14},"end":{"line":79,"column":21}},{"start":{"line":79,"column":25},"end":{"line":79,"column":27}}]},"1":{"loc":{"start":{"line":81,"column":4},"end":{"line":81,"column":18}},"type":"binary-expr","locations":[{"start":{"line":81,"column":4},"end":{"line":81,"column":18}},{"start":{"line":81,"column":18},"end":{"line":81,"column":19}}]},"2":{"loc":{"start":{"line":82,"column":4},"end":{"line":86,"column":null}},"type":"if","locations":[{"start":{"line":82,"column":4},"end":{"line":86,"column":null}},{"start":{"line":82,"column":4},"end":{"line":86,"column":null}}]},"3":{"loc":{"start":{"line":51,"column":14},"end":{"line":51,"column":21}},"type":"binary-expr","locations":[{"start":{"line":51,"column":14},"end":{"line":51,"column":21}},{"start":{"line":51,"column":25},"end":{"line":51,"column":27}}]},"4":{"loc":{"start":{"line":53,"column":4},"end":{"line":55,"column":null}},"type":"if","locations":[{"start":{"line":53,"column":4},"end":{"line":55,"column":null}},{"start":{"line":53,"column":4},"end":{"line":55,"column":null}}]},"5":{"loc":{"start":{"line":56,"column":4},"end":{"line":58,"column":null}},"type":"if","locations":[{"start":{"line":56,"column":4},"end":{"line":58,"column":null}},{"start":{"line":56,"column":4},"end":{"line":58,"column":null}}]},"6":{"loc":{"start":{"line":61,"column":4},"end":{"line":63,"column":null}},"type":"if","locations":[{"start":{"line":61,"column":4},"end":{"line":63,"column":null}},{"start":{"line":61,"column":4},"end":{"line":63,"column":null}}]},"7":{"loc":{"start":{"line":195,"column":4},"end":{"line":197,"column":null}},"type":"if","locations":[{"start":{"line":195,"column":4},"end":{"line":197,"column":null}},{"start":{"line":195,"column":4},"end":{"line":197,"column":null}}]},"8":{"loc":{"start":{"line":236,"column":4},"end":{"line":238,"column":null}},"type":"if","locations":[{"start":{"line":236,"column":4},"end":{"line":238,"column":null}},{"start":{"line":236,"column":4},"end":{"line":238,"column":null}}]},"9":{"loc":{"start":{"line":280,"column":4},"end":{"line":282,"column":null}},"type":"if","locations":[{"start":{"line":280,"column":4},"end":{"line":282,"column":null}},{"start":{"line":280,"column":4},"end":{"line":282,"column":null}}]}},"s":{"0":1,"1":1,"2":1,"3":1,"4":1,"5":5,"6":5,"7":5,"8":5,"9":2,"10":3,"11":1,"12":2,"13":2,"14":1,"15":2,"16":1,"17":2,"18":2,"19":2,"20":1,"21":2,"22":1,"23":3,"24":3,"25":3,"26":3,"27":3,"28":1,"29":3,"30":3,"31":3,"32":3,"33":3,"34":1,"35":4,"36":4,"37":4,"38":4,"39":2,"40":2,"41":2,"42":2,"43":2,"44":1,"45":4,"46":4,"47":4,"48":4,"49":2,"50":2,"51":2,"52":2,"53":2,"54":1,"55":4,"56":4,"57":4,"58":4,"59":2,"60":2,"61":2,"62":2,"63":2,"64":2,"65":1,"66":3,"67":3,"68":3,"69":3,"70":1,"71":3,"72":3,"73":3,"74":3,"75":3,"76":1,"77":3,"78":3,"79":3,"80":3,"81":1,"82":1,"83":1,"84":1},"f":{"0":1,"1":5,"2":2,"3":3,"4":3,"5":4,"6":4,"7":4,"8":3,"9":3,"10":3},"b":{"0":[5,0],"1":[5,5],"2":[2,3],"3":[2,1],"4":[1,1],"5":[1,1],"6":[1,1],"7":[2,2],"8":[2,2],"9":[2,2]}}
,"/Users/derekhowlett/vnext-git/src/github.com/IBM/eventstreams-node-sdk/lib/common.ts": {"path":"/Users/derekhowlett/vnext-git/src/github.com/IBM/eventstreams-node-sdk/lib/common.ts","statementMap":{"0":{"start":{"line":17,"column":0},"end":{"line":17,"column":26}},"1":{"start":{"line":20,"column":12},"end":{"line":20,"column":38}},"2":{"start":{"line":44,"column":18},"end":{"line":44,"column":32}},"3":{"start":{"line":45,"column":21},"end":{"line":45,"column":32}},"4":{"start":{"line":46,"column":17},"end":{"line":46,"column":30}},"5":{"start":{"line":47,"column":20},"end":{"line":47,"column":32}},"6":{"start":{"line":48,"column":22},"end":{"line":48,"column":37}},"7":{"start":{"line":50,"column":18},"end":{"line":52,"column":null}},"8":{"start":{"line":54,"column":2},"end":{"line":54,"column":17}},"9":{"start":{"line":43,"column":0},"end":{"line":43,"column":16}}},"fnMap":{"0":{"name":"getSdkHeaders","decl":{"start":{"line":43,"column":16},"end":{"line":43,"column":29}},"loc":{"start":{"line":43,"column":94},"end":{"line":55,"column":1}}}},"branchMap":{},"s":{"0":2,"1":2,"2":22,"3":22,"4":22,"5":22,"6":22,"7":22,"8":22,"9":2},"f":{"0":22},"b":{}}
}
