TN:
SF:adminrest/v1.ts
FN:31,(anonymous_6)
FN:78,AdminrestV1
FN:50,(anonymous_8)
FN:107,(anonymous_9)
FN:153,(anonymous_10)
FN:190,(anonymous_11)
FN:231,(anonymous_12)
FN:275,(anonymous_13)
FN:322,(anonymous_14)
FN:352,(anonymous_15)
FN:387,(anonymous_16)
FNF:11
FNH:11
FNDA:1,(anonymous_6)
FNDA:5,AdminrestV1
FNDA:2,(anonymous_8)
FNDA:3,(anonymous_9)
FNDA:3,(anonymous_10)
FNDA:4,(anonymous_11)
FNDA:4,(anonymous_12)
FNDA:4,(anonymous_13)
FNDA:3,(anonymous_14)
FNDA:3,(anonymous_15)
FNDA:3,(anonymous_16)
DA:22,1
DA:24,1
DA:25,1
DA:31,1
DA:33,1
DA:34,1
DA:50,1
DA:51,2
DA:53,2
DA:54,1
DA:56,2
DA:57,1
DA:59,2
DA:60,2
DA:61,2
DA:62,1
DA:64,2
DA:78,5
DA:79,5
DA:81,5
DA:82,5
DA:83,2
DA:85,3
DA:107,1
DA:108,3
DA:110,3
DA:117,3
DA:119,3
DA:133,3
DA:153,1
DA:154,3
DA:156,3
DA:162,3
DA:164,3
DA:177,3
DA:190,1
DA:191,4
DA:192,4
DA:194,4
DA:195,4
DA:196,2
DA:199,2
DA:203,2
DA:205,2
DA:218,2
DA:231,1
DA:232,4
DA:233,4
DA:235,4
DA:236,4
DA:237,2
DA:240,2
DA:244,2
DA:246,2
DA:259,2
DA:275,1
DA:276,4
DA:277,4
DA:279,4
DA:280,4
DA:281,2
DA:284,2
DA:289,2
DA:293,2
DA:295,2
DA:310,2
DA:322,1
DA:323,3
DA:325,3
DA:327,3
DA:339,3
DA:352,1
DA:353,3
DA:355,3
DA:359,3
DA:361,3
DA:375,3
DA:387,1
DA:388,3
DA:390,3
DA:392,3
DA:404,3
DA:407,1
DA:592,1
LF:84
LH:84
BRDA:79,0,0,5
BRDA:79,0,1,0
BRDA:81,1,0,5
BRDA:81,1,1,5
BRDA:82,2,0,2
BRDA:82,2,1,3
BRDA:51,3,0,2
BRDA:51,3,1,1
BRDA:53,4,0,1
BRDA:53,4,1,1
BRDA:56,5,0,1
BRDA:56,5,1,1
BRDA:61,6,0,1
BRDA:61,6,1,1
BRDA:195,7,0,2
BRDA:195,7,1,2
BRDA:236,8,0,2
BRDA:236,8,1,2
BRDA:280,9,0,2
BRDA:280,9,1,2
BRF:20
BRH:19
end_of_record
TN:
SF:lib/common.ts
FN:43,getSdkHeaders
FNF:1
FNH:1
FNDA:22,getSdkHeaders
DA:17,2
DA:20,2
DA:43,2
DA:44,22
DA:45,22
DA:46,22
DA:47,22
DA:48,22
DA:50,22
DA:54,22
LF:10
LH:10
BRF:0
BRH:0
end_of_record
